# JRE version: OpenJDK Runtime Environment Temurin-21.0.12.1+1 (21.0.12.1+1) (build 21.0.12.1+1-LTS)
# Java VM: OpenJDK 64-Bit Server VM Temurin-21.0.12.1+1 (21.0.12.1+1-LTS, mixed mode, sharing, tiered, compressed oops, compressed class ptrs, parallel gc, windows-amd64)
GC Precious Log:
 CardTable entry size: 512
 CPUs: 4 total, 4 available
 Memory: 3946M
 Large Page Support: Disabled
 NUMA Support: Disabled
 Compressed Oops: Enabled (32-bit)
 Alignments: Space 512K, Generation 512K, Heap 2M
 Heap Min Capacity: 100M
 Heap Initial Capacity: 100M
 Heap Max Capacity: 2G
 Pre-touch: Disabled
 Parallel Workers: 4
Heap:
 PSYoungGen      total 10240K, used 2777K [0x00000000d5580000, 0x00000000d6200000, 0x0000000100000000)
  eden space 8192K, 27% used [0x00000000d5580000,0x00000000d57ae4e8,0x00000000d5d80000)
  from space 2048K, 26% used [0x00000000d5e00000,0x00000000d5e88000,0x00000000d6000000)
  to   space 1024K, 0% used [0x00000000d6100000,0x00000000d6100000,0x00000000d6200000)
 ParOldGen       total 421376K, used 310891K [0x0000000080000000, 0x0000000099b80000, 0x00000000d5580000)
  object space 421376K, 73% used [0x0000000080000000,0x0000000092f9afa0,0x0000000099b80000)
 Metaspace       used 33014K, committed 34176K, reserved 1114112K
  class space    used 3272K, committed 3776K, reserved 1048576K
GC Heap History (20 events):
Event: 1472.972 GC heap before
{Heap before GC invocations=693 (full 1):
 PSYoungGen      total 2560K, used 2336K [0x00000000d5580000, 0x00000000d5c80000, 0x0000000100000000)
  eden space 1536K, 100% used [0x00000000d5580000,0x00000000d5700000,0x00000000d5700000)
  from space 1024K, 78% used [0x00000000d5700000,0x00000000d57c8000,0x00000000d5800000)
  to   space 2048K, 0% used [0x00000000d5a80000,0x00000000d5a80000,0x00000000d5c80000)
 ParOldGen       total 421376K, used 301884K [0x0000000080000000, 0x0000000099b80000, 0x00000000d5580000)
  object space 421376K, 71% used [0x0000000080000000,0x00000000926cf2a0,0x0000000099b80000)
 Metaspace       used 32975K, committed 34176K, reserved 1114112K
  class space    used 3272K, committed 3776K, reserved 1048576K
}
Event: 1472.979 GC heap after
{Heap after GC invocations=693 (full 1):
 PSYoungGen      total 2560K, used 480K [0x00000000d5580000, 0x00000000d5b00000, 0x0000000100000000)
  eden space 2048K, 0% used [0x00000000d5580000,0x00000000d5580000,0x00000000d5780000)
  from space 512K, 93% used [0x00000000d5a80000,0x00000000d5af8000,0x00000000d5b00000)
  to   space 1024K, 0% used [0x00000000d5900000,0x00000000d5900000,0x00000000d5a00000)
 ParOldGen       total 421376K, used 302622K [0x0000000080000000, 0x0000000099b80000, 0x00000000d5580000)
  object space 421376K, 71% used [0x0000000080000000,0x00000000927879c0,0x0000000099b80000)
 Metaspace       used 32975K, committed 34176K, reserved 1114112K
  class space    used 3272K, committed 3776K, reserved 1048576K
}
Event: 1472.998 GC heap before
{Heap before GC invocations=694 (full 1):
 PSYoungGen      total 2560K, used 2528K [0x00000000d5580000, 0x00000000d5b00000, 0x0000000100000000)
  eden space 2048K, 100% used [0x00000000d5580000,0x00000000d5780000,0x00000000d5780000)
  from space 512K, 93% used [0x00000000d5a80000,0x00000000d5af8000,0x00000000d5b00000)
  to   space 1024K, 0% used [0x00000000d5900000,0x00000000d5900000,0x00000000d5a00000)
 ParOldGen       total 421376K, used 302622K [0x0000000080000000, 0x0000000099b80000, 0x00000000d5580000)
  object space 421376K, 71% used [0x0000000080000000,0x00000000927879c0,0x0000000099b80000)
 Metaspace       used 32975K, committed 34176K, reserved 1114112K
  class space    used 3272K, committed 3776K, reserved 1048576K
}
Event: 1473.002 GC heap after
{Heap after GC invocations=694 (full 1):
 PSYoungGen      total 3584K, used 288K [0x00000000d5580000, 0x00000000d5b00000, 0x0000000100000000)
  eden space 2560K, 0% used [0x00000000d5580000,0x00000000d5580000,0x00000000d5800000)
  from space 1024K, 28% used [0x00000000d5900000,0x00000000d5948000,0x00000000d5a00000)
  to   space 512K, 0% used [0x00000000d5a80000,0x00000000d5a80000,0x00000000d5b00000)
 ParOldGen       total 421376K, used 303081K [0x0000000080000000, 0x0000000099b80000, 0x00000000d5580000)
  object space 421376K, 71% used [0x0000000080000000,0x00000000927fa530,0x0000000099b80000)
 Metaspace       used 32975K, committed 34176K, reserved 1114112K
  class space    used 3272K, committed 3776K, reserved 1048576K
}
Event: 1475.102 GC heap before
{Heap before GC invocations=695 (full 1):
 PSYoungGen      total 3584K, used 2699K [0x00000000d5580000, 0x00000000d5b00000, 0x0000000100000000)
  eden space 2560K, 94% used [0x00000000d5580000,0x00000000d57dae00,0x00000000d5800000)
  from space 1024K, 28% used [0x00000000d5900000,0x00000000d5948000,0x00000000d5a00000)
  to   space 512K, 0% used [0x00000000d5a80000,0x00000000d5a80000,0x00000000d5b00000)
 ParOldGen       total 421376K, used 303081K [0x0000000080000000, 0x0000000099b80000, 0x00000000d5580000)
  object space 421376K, 71% used [0x0000000080000000,0x00000000927fa530,0x0000000099b80000)
 Metaspace       used 32988K, committed 34176K, reserved 1114112K
  class space    used 3272K, committed 3776K, reserved 1048576K
}
Event: 1475.107 GC heap after
{Heap after GC invocations=695 (full 1):
 PSYoungGen      total 3584K, used 416K [0x00000000d5580000, 0x00000000d5b00000, 0x0000000100000000)
  eden space 3072K, 0% used [0x00000000d5580000,0x00000000d5580000,0x00000000d5880000)
  from space 512K, 81% used [0x00000000d5a80000,0x00000000d5ae8000,0x00000000d5b00000)
  to   space 512K, 0% used [0x00000000d5a00000,0x00000000d5a00000,0x00000000d5a80000)
 ParOldGen       total 421376K, used 303262K [0x0000000080000000, 0x0000000099b80000, 0x00000000d5580000)
  object space 421376K, 71% used [0x0000000080000000,0x0000000092827930,0x0000000099b80000)
 Metaspace       used 32988K, committed 34176K, reserved 1114112K
  class space    used 3272K, committed 3776K, reserved 1048576K
}
Event: 1475.117 GC heap before
{Heap before GC invocations=696 (full 1):
 PSYoungGen      total 3584K, used 3488K [0x00000000d5580000, 0x00000000d5b00000, 0x0000000100000000)
  eden space 3072K, 100% used [0x00000000d5580000,0x00000000d5880000,0x00000000d5880000)
  from space 512K, 81% used [0x00000000d5a80000,0x00000000d5ae8000,0x00000000d5b00000)
  to   space 512K, 0% used [0x00000000d5a00000,0x00000000d5a00000,0x00000000d5a80000)
 ParOldGen       total 421376K, used 303262K [0x0000000080000000, 0x0000000099b80000, 0x00000000d5580000)
  object space 421376K, 71% used [0x0000000080000000,0x0000000092827930,0x0000000099b80000)
 Metaspace       used 32988K, committed 34176K, reserved 1114112K
  class space    used 3272K, committed 3776K, reserved 1048576K
}
Event: 1475.145 GC heap after
{Heap after GC invocations=696 (full 1):
 PSYoungGen      total 4608K, used 489K [0x00000000d5580000, 0x00000000d6180000, 0x0000000100000000)
  eden space 4096K, 0% used [0x00000000d5580000,0x00000000d5580000,0x00000000d5980000)
  from space 512K, 95% used [0x00000000d5a00000,0x00000000d5a7a748,0x00000000d5a80000)
  to   space 4096K, 0% used [0x00000000d5d80000,0x00000000d5d80000,0x00000000d6180000)
 ParOldGen       total 421376K, used 306141K [0x0000000080000000, 0x0000000099b80000, 0x00000000d5580000)
  object space 421376K, 72% used [0x0000000080000000,0x0000000092af74f8,0x0000000099b80000)
 Metaspace       used 32988K, committed 34176K, reserved 1114112K
  class space    used 3272K, committed 3776K, reserved 1048576K
}
Event: 1475.161 GC heap before
{Heap before GC invocations=697 (full 1):
 PSYoungGen      total 4608K, used 4585K [0x00000000d5580000, 0x00000000d6180000, 0x0000000100000000)
  eden space 4096K, 100% used [0x00000000d5580000,0x00000000d5980000,0x00000000d5980000)
  from space 512K, 95% used [0x00000000d5a00000,0x00000000d5a7a748,0x00000000d5a80000)
  to   space 4096K, 0% used [0x00000000d5d80000,0x00000000d5d80000,0x00000000d6180000)
 ParOldGen       total 421376K, used 306141K [0x0000000080000000, 0x0000000099b80000, 0x00000000d5580000)
  object space 421376K, 72% used [0x0000000080000000,0x0000000092af74f8,0x0000000099b80000)
 Metaspace       used 32988K, committed 34176K, reserved 1114112K
  class space    used 3272K, committed 3776K, reserved 1048576K
}
Event: 1475.168 GC heap after
{Heap after GC invocations=697 (full 1):
 PSYoungGen      total 7168K, used 1568K [0x00000000d5580000, 0x00000000d5f80000, 0x0000000100000000)
  eden space 5120K, 0% used [0x00000000d5580000,0x00000000d5580000,0x00000000d5a80000)
  from space 2048K, 76% used [0x00000000d5d80000,0x00000000d5f08000,0x00000000d5f80000)
  to   space 2560K, 0% used [0x00000000d5a80000,0x00000000d5a80000,0x00000000d5d00000)
 ParOldGen       total 421376K, used 306647K [0x0000000080000000, 0x0000000099b80000, 0x00000000d5580000)
  object space 421376K, 72% used [0x0000000080000000,0x0000000092b75c40,0x0000000099b80000)
 Metaspace       used 32988K, committed 34176K, reserved 1114112K
  class space    used 3272K, committed 3776K, reserved 1048576K
}
Event: 1475.232 GC heap before
{Heap before GC invocations=698 (full 1):
 PSYoungGen      total 7168K, used 6688K [0x00000000d5580000, 0x00000000d5f80000, 0x0000000100000000)
  eden space 5120K, 100% used [0x00000000d5580000,0x00000000d5a80000,0x00000000d5a80000)
  from space 2048K, 76% used [0x00000000d5d80000,0x00000000d5f08000,0x00000000d5f80000)
  to   space 2560K, 0% used [0x00000000d5a80000,0x00000000d5a80000,0x00000000d5d00000)
 ParOldGen       total 421376K, used 306647K [0x0000000080000000, 0x0000000099b80000, 0x00000000d5580000)
  object space 421376K, 72% used [0x0000000080000000,0x0000000092b75c40,0x0000000099b80000)
 Metaspace       used 32989K, committed 34176K, reserved 1114112K
  class space    used 3272K, committed 3776K, reserved 1048576K
}
Event: 1475.256 GC heap after
{Heap after GC invocations=698 (full 1):
 PSYoungGen      total 7680K, used 2195K [0x00000000d5580000, 0x00000000d6080000, 0x0000000100000000)
  eden space 5120K, 0% used [0x00000000d5580000,0x00000000d5580000,0x00000000d5a80000)
  from space 2560K, 85% used [0x00000000d5a80000,0x00000000d5ca4e90,0x00000000d5d00000)
  to   space 2560K, 0% used [0x00000000d5e00000,0x00000000d5e00000,0x00000000d6080000)
 ParOldGen       total 421376K, used 308113K [0x0000000080000000, 0x0000000099b80000, 0x00000000d5580000)
  object space 421376K, 73% used [0x0000000080000000,0x0000000092ce47b0,0x0000000099b80000)
 Metaspace       used 32989K, committed 34176K, reserved 1114112K
  class space    used 3272K, committed 3776K, reserved 1048576K
}
Event: 1475.276 GC heap before
{Heap before GC invocations=699 (full 1):
 PSYoungGen      total 7680K, used 7315K [0x00000000d5580000, 0x00000000d6080000, 0x0000000100000000)
  eden space 5120K, 100% used [0x00000000d5580000,0x00000000d5a80000,0x00000000d5a80000)
  from space 2560K, 85% used [0x00000000d5a80000,0x00000000d5ca4e90,0x00000000d5d00000)
  to   space 2560K, 0% used [0x00000000d5e00000,0x00000000d5e00000,0x00000000d6080000)
 ParOldGen       total 421376K, used 308113K [0x0000000080000000, 0x0000000099b80000, 0x00000000d5580000)
  object space 421376K, 73% used [0x0000000080000000,0x0000000092ce47b0,0x0000000099b80000)
 Metaspace       used 32989K, committed 34176K, reserved 1114112K
  class space    used 3272K, committed 3776K, reserved 1048576K
}
Event: 1475.290 GC heap after
{Heap after GC invocations=699 (full 1):
 PSYoungGen      total 7168K, used 864K [0x00000000d5580000, 0x00000000d5f00000, 0x0000000100000000)
  eden space 6144K, 0% used [0x00000000d5580000,0x00000000d5580000,0x00000000d5b80000)
  from space 1024K, 84% used [0x00000000d5e00000,0x00000000d5ed8000,0x00000000d5f00000)
  to   space 1536K, 0% used [0x00000000d5c00000,0x00000000d5c00000,0x00000000d5d80000)
 ParOldGen       total 421376K, used 308572K [0x0000000080000000, 0x0000000099b80000, 0x00000000d5580000)
  object space 421376K, 73% used [0x0000000080000000,0x0000000092d57030,0x0000000099b80000)
 Metaspace       used 32989K, committed 34176K, reserved 1114112K
  class space    used 3272K, committed 3776K, reserved 1048576K
}
Event: 1477.129 GC heap before
{Heap before GC invocations=700 (full 1):
 PSYoungGen      total 7168K, used 7008K [0x00000000d5580000, 0x00000000d5f00000, 0x0000000100000000)
  eden space 6144K, 100% used [0x00000000d5580000,0x00000000d5b80000,0x00000000d5b80000)
  from space 1024K, 84% used [0x00000000d5e00000,0x00000000d5ed8000,0x00000000d5f00000)
  to   space 1536K, 0% used [0x00000000d5c00000,0x00000000d5c00000,0x00000000d5d80000)
 ParOldGen       total 421376K, used 308572K [0x0000000080000000, 0x0000000099b80000, 0x00000000d5580000)
  object space 421376K, 73% used [0x0000000080000000,0x0000000092d57030,0x0000000099b80000)
 Metaspace       used 32995K, committed 34176K, reserved 1114112K
  class space    used 3272K, committed 3776K, reserved 1048576K
}
Event: 1477.157 GC heap after
{Heap after GC invocations=700 (full 1):
 PSYoungGen      total 8192K, used 1523K [0x00000000d5580000, 0x00000000d6600000, 0x0000000100000000)
  eden space 6656K, 0% used [0x00000000d5580000,0x00000000d5580000,0x00000000d5c00000)
  from space 1536K, 99% used [0x00000000d5c00000,0x00000000d5d7ce90,0x00000000d5d80000)
  to   space 4608K, 0% used [0x00000000d6180000,0x00000000d6180000,0x00000000d6600000)
 ParOldGen       total 421376K, used 310686K [0x0000000080000000, 0x0000000099b80000, 0x00000000d5580000)
  object space 421376K, 73% used [0x0000000080000000,0x0000000092f67ba0,0x0000000099b80000)
 Metaspace       used 32995K, committed 34176K, reserved 1114112K
  class space    used 3272K, committed 3776K, reserved 1048576K
}
Event: 1477.192 GC heap before
{Heap before GC invocations=701 (full 1):
 PSYoungGen      total 8192K, used 8179K [0x00000000d5580000, 0x00000000d6600000, 0x0000000100000000)
  eden space 6656K, 100% used [0x00000000d5580000,0x00000000d5c00000,0x00000000d5c00000)
  from space 1536K, 99% used [0x00000000d5c00000,0x00000000d5d7ce90,0x00000000d5d80000)
  to   space 4608K, 0% used [0x00000000d6180000,0x00000000d6180000,0x00000000d6600000)
 ParOldGen       total 421376K, used 310686K [0x0000000080000000, 0x0000000099b80000, 0x00000000d5580000)
  object space 421376K, 73% used [0x0000000080000000,0x0000000092f67ba0,0x0000000099b80000)
 Metaspace       used 32996K, committed 34176K, reserved 1114112K
  class space    used 3272K, committed 3776K, reserved 1048576K
}
Event: 1477.195 GC heap after
{Heap after GC invocations=701 (full 1):
 PSYoungGen      total 8704K, used 352K [0x00000000d5580000, 0x00000000d6200000, 0x0000000100000000)
  eden space 8192K, 0% used [0x00000000d5580000,0x00000000d5580000,0x00000000d5d80000)
  from space 512K, 68% used [0x00000000d6180000,0x00000000d61d8000,0x00000000d6200000)
  to   space 2048K, 0% used [0x00000000d5e00000,0x00000000d5e00000,0x00000000d6000000)
 ParOldGen       total 421376K, used 310891K [0x0000000080000000, 0x0000000099b80000, 0x00000000d5580000)
  object space 421376K, 73% used [0x0000000080000000,0x0000000092f9afa0,0x0000000099b80000)
 Metaspace       used 32996K, committed 34176K, reserved 1114112K
  class space    used 3272K, committed 3776K, reserved 1048576K
}
Event: 1477.277 GC heap before
{Heap before GC invocations=702 (full 1):
 PSYoungGen      total 8704K, used 8544K [0x00000000d5580000, 0x00000000d6200000, 0x0000000100000000)
  eden space 8192K, 100% used [0x00000000d5580000,0x00000000d5d80000,0x00000000d5d80000)
  from space 512K, 68% used [0x00000000d6180000,0x00000000d61d8000,0x00000000d6200000)
  to   space 2048K, 0% used [0x00000000d5e00000,0x00000000d5e00000,0x00000000d6000000)
 ParOldGen       total 421376K, used 310891K [0x0000000080000000, 0x0000000099b80000, 0x00000000d5580000)
  object space 421376K, 73% used [0x0000000080000000,0x0000000092f9afa0,0x0000000099b80000)
 Metaspace       used 33005K, committed 34176K, reserved 1114112K
  class space    used 3272K, committed 3776K, reserved 1048576K
}
Event: 1477.278 GC heap after
{Heap after GC invocations=702 (full 1):
 PSYoungGen      total 10240K, used 544K [0x00000000d5580000, 0x00000000d6200000, 0x0000000100000000)
  eden space 8192K, 0% used [0x00000000d5580000,0x00000000d5580000,0x00000000d5d80000)
  from space 2048K, 26% used [0x00000000d5e00000,0x00000000d5e88000,0x00000000d6000000)
  to   space 1024K, 0% used [0x00000000d6100000,0x00000000d6100000,0x00000000d6200000)
 ParOldGen       total 421376K, used 310891K [0x0000000080000000, 0x0000000099b80000, 0x00000000d5580000)
  object space 421376K, 73% used [0x0000000080000000,0x0000000092f9afa0,0x0000000099b80000)
 Metaspace       used 33005K, committed 34176K, reserved 1114112K
  class space    used 3272K, committed 3776K, reserved 1048576K
}

