# JRE version: OpenJDK Runtime Environment Temurin-21.0.12.1+1 (21.0.12.1+1) (build 21.0.12.1+1-LTS)
# Java VM: OpenJDK 64-Bit Server VM Temurin-21.0.12.1+1 (21.0.12.1+1-LTS, mixed mode, sharing, tiered, compressed oops, compressed class ptrs, parallel gc, windows-amd64)
GC Precious Log:
 CardTable entry size: 512
 CPUs: 4 total, 4 available
 Memory: 3946M
 Large Page Support: Disabled
 NUMA Support: Disabled
 Compressed Oops: Enabled (32-bit)
 Alignments: Space 512K, Generation 512K, Heap 2M
 Heap Min Capacity: 100M
 Heap Initial Capacity: 100M
 Heap Max Capacity: 2G
 Pre-touch: Disabled
 Parallel Workers: 4
Heap:
 PSYoungGen      total 16384K, used 8765K [0x00000000d5580000, 0x00000000d6900000, 0x0000000100000000)
  eden space 15872K, 52% used [0x00000000d5580000,0x00000000d5da7510,0x00000000d6500000)
  from space 512K, 81% used [0x00000000d6700000,0x00000000d6768000,0x00000000d6780000)
  to   space 1024K, 0% used [0x00000000d6800000,0x00000000d6800000,0x00000000d6900000)
 ParOldGen       total 68608K, used 57667K [0x0000000080000000, 0x0000000084300000, 0x00000000d5580000)
  object space 68608K, 84% used [0x0000000080000000,0x0000000083850fa0,0x0000000084300000)
 Metaspace       used 31590K, committed 32704K, reserved 1114112K
  class space    used 3175K, committed 3648K, reserved 1048576K
GC Heap History (20 events):
Event: 212.038 GC heap before
{Heap before GC invocations=43 (full 1):
 PSYoungGen      total 17408K, used 16609K [0x00000000d5580000, 0x00000000d6b00000, 0x0000000100000000)
  eden space 15872K, 99% used [0x00000000d5580000,0x00000000d64fc430,0x00000000d6500000)
  from space 1536K, 48% used [0x00000000d6800000,0x00000000d68bc010,0x00000000d6980000)
  to   space 1024K, 0% used [0x00000000d6a00000,0x00000000d6a00000,0x00000000d6b00000)
 ParOldGen       total 68608K, used 50851K [0x0000000080000000, 0x0000000084300000, 0x00000000d5580000)
  object space 68608K, 74% used [0x0000000080000000,0x00000000831a8f88,0x0000000084300000)
 Metaspace       used 25215K, committed 26176K, reserved 1114112K
  class space    used 2272K, committed 2688K, reserved 1048576K
}
Event: 212.053 GC heap after
{Heap after GC invocations=43 (full 1):
 PSYoungGen      total 16384K, used 462K [0x00000000d5580000, 0x00000000d6a80000, 0x0000000100000000)
  eden space 15872K, 0% used [0x00000000d5580000,0x00000000d5580000,0x00000000d6500000)
  from space 512K, 90% used [0x00000000d6a00000,0x00000000d6a73ba0,0x00000000d6a80000)
  to   space 1024K, 0% used [0x00000000d6880000,0x00000000d6880000,0x00000000d6980000)
 ParOldGen       total 68608K, used 51441K [0x0000000080000000, 0x0000000084300000, 0x00000000d5580000)
  object space 68608K, 74% used [0x0000000080000000,0x000000008323c418,0x0000000084300000)
 Metaspace       used 25215K, committed 26176K, reserved 1114112K
  class space    used 2272K, committed 2688K, reserved 1048576K
}
Event: 212.780 GC heap before
{Heap before GC invocations=44 (full 1):
 PSYoungGen      total 16384K, used 16329K [0x00000000d5580000, 0x00000000d6a80000, 0x0000000100000000)
  eden space 15872K, 99% used [0x00000000d5580000,0x00000000d64feb58,0x00000000d6500000)
  from space 512K, 90% used [0x00000000d6a00000,0x00000000d6a73ba0,0x00000000d6a80000)
  to   space 1024K, 0% used [0x00000000d6880000,0x00000000d6880000,0x00000000d6980000)
 ParOldGen       total 68608K, used 51441K [0x0000000080000000, 0x0000000084300000, 0x00000000d5580000)
  object space 68608K, 74% used [0x0000000080000000,0x000000008323c418,0x0000000084300000)
 Metaspace       used 26842K, committed 27840K, reserved 1114112K
  class space    used 2552K, committed 3008K, reserved 1048576K
}
Event: 212.783 GC heap after
{Heap after GC invocations=44 (full 1):
 PSYoungGen      total 16896K, used 368K [0x00000000d5580000, 0x00000000d6a80000, 0x0000000100000000)
  eden space 15872K, 0% used [0x00000000d5580000,0x00000000d5580000,0x00000000d6500000)
  from space 1024K, 35% used [0x00000000d6880000,0x00000000d68dc010,0x00000000d6980000)
  to   space 512K, 0% used [0x00000000d6a00000,0x00000000d6a00000,0x00000000d6a80000)
 ParOldGen       total 68608K, used 51760K [0x0000000080000000, 0x0000000084300000, 0x00000000d5580000)
  object space 68608K, 75% used [0x0000000080000000,0x000000008328c008,0x0000000084300000)
 Metaspace       used 26842K, committed 27840K, reserved 1114112K
  class space    used 2552K, committed 3008K, reserved 1048576K
}
Event: 443.033 GC heap before
{Heap before GC invocations=45 (full 1):
 PSYoungGen      total 16896K, used 16240K [0x00000000d5580000, 0x00000000d6a80000, 0x0000000100000000)
  eden space 15872K, 99% used [0x00000000d5580000,0x00000000d64ffff8,0x00000000d6500000)
  from space 1024K, 35% used [0x00000000d6880000,0x00000000d68dc010,0x00000000d6980000)
  to   space 512K, 0% used [0x00000000d6a00000,0x00000000d6a00000,0x00000000d6a80000)
 ParOldGen       total 68608K, used 51760K [0x0000000080000000, 0x0000000084300000, 0x00000000d5580000)
  object space 68608K, 75% used [0x0000000080000000,0x000000008328c008,0x0000000084300000)
 Metaspace       used 28596K, committed 29568K, reserved 1114112K
  class space    used 2825K, committed 3264K, reserved 1048576K
}
Event: 443.111 GC heap after
{Heap after GC invocations=45 (full 1):
 PSYoungGen      total 16384K, used 512K [0x00000000d5580000, 0x00000000d6a80000, 0x0000000100000000)
  eden space 15872K, 0% used [0x00000000d5580000,0x00000000d5580000,0x00000000d6500000)
  from space 512K, 100% used [0x00000000d6a00000,0x00000000d6a80000,0x00000000d6a80000)
  to   space 1024K, 0% used [0x00000000d6880000,0x00000000d6880000,0x00000000d6980000)
 ParOldGen       total 68608K, used 52092K [0x0000000080000000, 0x0000000084300000, 0x00000000d5580000)
  object space 68608K, 75% used [0x0000000080000000,0x00000000832df048,0x0000000084300000)
 Metaspace       used 28596K, committed 29568K, reserved 1114112K
  class space    used 2825K, committed 3264K, reserved 1048576K
}
Event: 448.331 GC heap before
{Heap before GC invocations=46 (full 1):
 PSYoungGen      total 16384K, used 16384K [0x00000000d5580000, 0x00000000d6a80000, 0x0000000100000000)
  eden space 15872K, 100% used [0x00000000d5580000,0x00000000d6500000,0x00000000d6500000)
  from space 512K, 100% used [0x00000000d6a00000,0x00000000d6a80000,0x00000000d6a80000)
  to   space 1024K, 0% used [0x00000000d6880000,0x00000000d6880000,0x00000000d6980000)
 ParOldGen       total 68608K, used 52092K [0x0000000080000000, 0x0000000084300000, 0x00000000d5580000)
  object space 68608K, 75% used [0x0000000080000000,0x00000000832df048,0x0000000084300000)
 Metaspace       used 28852K, committed 29824K, reserved 1114112K
  class space    used 2846K, committed 3264K, reserved 1048576K
}
Event: 448.443 GC heap after
{Heap after GC invocations=46 (full 1):
 PSYoungGen      total 16896K, used 1019K [0x00000000d5580000, 0x00000000d6a80000, 0x0000000100000000)
  eden space 15872K, 0% used [0x00000000d5580000,0x00000000d5580000,0x00000000d6500000)
  from space 1024K, 99% used [0x00000000d6880000,0x00000000d697ece8,0x00000000d6980000)
  to   space 1024K, 0% used [0x00000000d6980000,0x00000000d6980000,0x00000000d6a80000)
 ParOldGen       total 68608K, used 52648K [0x0000000080000000, 0x0000000084300000, 0x00000000d5580000)
  object space 68608K, 76% used [0x0000000080000000,0x000000008336a080,0x0000000084300000)
 Metaspace       used 28852K, committed 29824K, reserved 1114112K
  class space    used 2846K, committed 3264K, reserved 1048576K
}
Event: 449.217 GC heap before
{Heap before GC invocations=47 (full 1):
 PSYoungGen      total 16896K, used 16886K [0x00000000d5580000, 0x00000000d6a80000, 0x0000000100000000)
  eden space 15872K, 99% used [0x00000000d5580000,0x00000000d64fecf8,0x00000000d6500000)
  from space 1024K, 99% used [0x00000000d6880000,0x00000000d697ece8,0x00000000d6980000)
  to   space 1024K, 0% used [0x00000000d6980000,0x00000000d6980000,0x00000000d6a80000)
 ParOldGen       total 68608K, used 52648K [0x0000000080000000, 0x0000000084300000, 0x00000000d5580000)
  object space 68608K, 76% used [0x0000000080000000,0x000000008336a080,0x0000000084300000)
 Metaspace       used 29299K, committed 30400K, reserved 1114112K
  class space    used 2922K, committed 3392K, reserved 1048576K
}
Event: 449.224 GC heap after
{Heap after GC invocations=47 (full 1):
 PSYoungGen      total 16896K, used 690K [0x00000000d5580000, 0x00000000d6a80000, 0x0000000100000000)
  eden space 15872K, 0% used [0x00000000d5580000,0x00000000d5580000,0x00000000d6500000)
  from space 1024K, 67% used [0x00000000d6980000,0x00000000d6a2cb58,0x00000000d6a80000)
  to   space 1024K, 0% used [0x00000000d6880000,0x00000000d6880000,0x00000000d6980000)
 ParOldGen       total 68608K, used 53661K [0x0000000080000000, 0x0000000084300000, 0x00000000d5580000)
  object space 68608K, 78% used [0x0000000080000000,0x00000000834677c0,0x0000000084300000)
 Metaspace       used 29299K, committed 30400K, reserved 1114112K
  class space    used 2922K, committed 3392K, reserved 1048576K
}
Event: 451.426 GC heap before
{Heap before GC invocations=48 (full 1):
 PSYoungGen      total 16896K, used 16562K [0x00000000d5580000, 0x00000000d6a80000, 0x0000000100000000)
  eden space 15872K, 100% used [0x00000000d5580000,0x00000000d6500000,0x00000000d6500000)
  from space 1024K, 67% used [0x00000000d6980000,0x00000000d6a2cb58,0x00000000d6a80000)
  to   space 1024K, 0% used [0x00000000d6880000,0x00000000d6880000,0x00000000d6980000)
 ParOldGen       total 68608K, used 53661K [0x0000000080000000, 0x0000000084300000, 0x00000000d5580000)
  object space 68608K, 78% used [0x0000000080000000,0x00000000834677c0,0x0000000084300000)
 Metaspace       used 29737K, committed 30848K, reserved 1114112K
  class space    used 2976K, committed 3456K, reserved 1048576K
}
Event: 451.430 GC heap after
{Heap after GC invocations=48 (full 1):
 PSYoungGen      total 16896K, used 1012K [0x00000000d5580000, 0x00000000d6a00000, 0x0000000100000000)
  eden space 15872K, 0% used [0x00000000d5580000,0x00000000d5580000,0x00000000d6500000)
  from space 1024K, 98% used [0x00000000d6880000,0x00000000d697d160,0x00000000d6980000)
  to   space 512K, 0% used [0x00000000d6980000,0x00000000d6980000,0x00000000d6a00000)
 ParOldGen       total 68608K, used 54357K [0x0000000080000000, 0x0000000084300000, 0x00000000d5580000)
  object space 68608K, 79% used [0x0000000080000000,0x0000000083515400,0x0000000084300000)
 Metaspace       used 29737K, committed 30848K, reserved 1114112K
  class space    used 2976K, committed 3456K, reserved 1048576K
}
Event: 456.852 GC heap before
{Heap before GC invocations=49 (full 1):
 PSYoungGen      total 16896K, used 16884K [0x00000000d5580000, 0x00000000d6a00000, 0x0000000100000000)
  eden space 15872K, 100% used [0x00000000d5580000,0x00000000d6500000,0x00000000d6500000)
  from space 1024K, 98% used [0x00000000d6880000,0x00000000d697d160,0x00000000d6980000)
  to   space 512K, 0% used [0x00000000d6980000,0x00000000d6980000,0x00000000d6a00000)
 ParOldGen       total 68608K, used 54357K [0x0000000080000000, 0x0000000084300000, 0x00000000d5580000)
  object space 68608K, 79% used [0x0000000080000000,0x0000000083515400,0x0000000084300000)
 Metaspace       used 30779K, committed 31936K, reserved 1114112K
  class space    used 3126K, committed 3648K, reserved 1048576K
}
Event: 456.857 GC heap after
{Heap after GC invocations=49 (full 1):
 PSYoungGen      total 16384K, used 512K [0x00000000d5580000, 0x00000000d6a00000, 0x0000000100000000)
  eden space 15872K, 0% used [0x00000000d5580000,0x00000000d5580000,0x00000000d6500000)
  from space 512K, 100% used [0x00000000d6980000,0x00000000d6a00000,0x00000000d6a00000)
  to   space 2560K, 0% used [0x00000000d6500000,0x00000000d6500000,0x00000000d6780000)
 ParOldGen       total 68608K, used 55895K [0x0000000080000000, 0x0000000084300000, 0x00000000d5580000)
  object space 68608K, 81% used [0x0000000080000000,0x0000000083695f60,0x0000000084300000)
 Metaspace       used 30779K, committed 31936K, reserved 1114112K
  class space    used 3126K, committed 3648K, reserved 1048576K
}
Event: 464.872 GC heap before
{Heap before GC invocations=50 (full 1):
 PSYoungGen      total 16384K, used 16383K [0x00000000d5580000, 0x00000000d6a00000, 0x0000000100000000)
  eden space 15872K, 99% used [0x00000000d5580000,0x00000000d64fffc8,0x00000000d6500000)
  from space 512K, 100% used [0x00000000d6980000,0x00000000d6a00000,0x00000000d6a00000)
  to   space 2560K, 0% used [0x00000000d6500000,0x00000000d6500000,0x00000000d6780000)
 ParOldGen       total 68608K, used 55895K [0x0000000080000000, 0x0000000084300000, 0x00000000d5580000)
  object space 68608K, 81% used [0x0000000080000000,0x0000000083695f60,0x0000000084300000)
 Metaspace       used 30998K, committed 32128K, reserved 1114112K
  class space    used 3128K, committed 3648K, reserved 1048576K
}
Event: 464.880 GC heap after
{Heap after GC invocations=50 (full 1):
 PSYoungGen      total 18432K, used 960K [0x00000000d5580000, 0x00000000d6a00000, 0x0000000100000000)
  eden space 15872K, 0% used [0x00000000d5580000,0x00000000d5580000,0x00000000d6500000)
  from space 2560K, 37% used [0x00000000d6500000,0x00000000d65f0020,0x00000000d6780000)
  to   space 1536K, 0% used [0x00000000d6880000,0x00000000d6880000,0x00000000d6a00000)
 ParOldGen       total 68608K, used 56383K [0x0000000080000000, 0x0000000084300000, 0x00000000d5580000)
  object space 68608K, 82% used [0x0000000080000000,0x000000008370ff60,0x0000000084300000)
 Metaspace       used 30998K, committed 32128K, reserved 1114112K
  class space    used 3128K, committed 3648K, reserved 1048576K
}
Event: 470.283 GC heap before
{Heap before GC invocations=51 (full 1):
 PSYoungGen      total 18432K, used 16832K [0x00000000d5580000, 0x00000000d6a00000, 0x0000000100000000)
  eden space 15872K, 100% used [0x00000000d5580000,0x00000000d6500000,0x00000000d6500000)
  from space 2560K, 37% used [0x00000000d6500000,0x00000000d65f0020,0x00000000d6780000)
  to   space 1536K, 0% used [0x00000000d6880000,0x00000000d6880000,0x00000000d6a00000)
 ParOldGen       total 68608K, used 56383K [0x0000000080000000, 0x0000000084300000, 0x00000000d5580000)
  object space 68608K, 82% used [0x0000000080000000,0x000000008370ff60,0x0000000084300000)
 Metaspace       used 31376K, committed 32448K, reserved 1114112K
  class space    used 3170K, committed 3648K, reserved 1048576K
}
Event: 470.288 GC heap after
{Heap after GC invocations=51 (full 1):
 PSYoungGen      total 17408K, used 1122K [0x00000000d5580000, 0x00000000d6a00000, 0x0000000100000000)
  eden space 15872K, 0% used [0x00000000d5580000,0x00000000d5580000,0x00000000d6500000)
  from space 1536K, 73% used [0x00000000d6880000,0x00000000d6998b80,0x00000000d6a00000)
  to   space 1536K, 0% used [0x00000000d6700000,0x00000000d6700000,0x00000000d6880000)
 ParOldGen       total 68608K, used 56599K [0x0000000080000000, 0x0000000084300000, 0x00000000d5580000)
  object space 68608K, 82% used [0x0000000080000000,0x0000000083745f80,0x0000000084300000)
 Metaspace       used 31376K, committed 32448K, reserved 1114112K
  class space    used 3170K, committed 3648K, reserved 1048576K
}
Event: 477.771 GC heap before
{Heap before GC invocations=52 (full 1):
 PSYoungGen      total 17408K, used 16994K [0x00000000d5580000, 0x00000000d6a00000, 0x0000000100000000)
  eden space 15872K, 100% used [0x00000000d5580000,0x00000000d6500000,0x00000000d6500000)
  from space 1536K, 73% used [0x00000000d6880000,0x00000000d6998b80,0x00000000d6a00000)
  to   space 1536K, 0% used [0x00000000d6700000,0x00000000d6700000,0x00000000d6880000)
 ParOldGen       total 68608K, used 56599K [0x0000000080000000, 0x0000000084300000, 0x00000000d5580000)
  object space 68608K, 82% used [0x0000000080000000,0x0000000083745f80,0x0000000084300000)
 Metaspace       used 31489K, committed 32576K, reserved 1114112K
  class space    used 3171K, committed 3648K, reserved 1048576K
}
Event: 477.797 GC heap after
{Heap after GC invocations=52 (full 1):
 PSYoungGen      total 16384K, used 416K [0x00000000d5580000, 0x00000000d6900000, 0x0000000100000000)
  eden space 15872K, 0% used [0x00000000d5580000,0x00000000d5580000,0x00000000d6500000)
  from space 512K, 81% used [0x00000000d6700000,0x00000000d6768000,0x00000000d6780000)
  to   space 1024K, 0% used [0x00000000d6800000,0x00000000d6800000,0x00000000d6900000)
 ParOldGen       total 68608K, used 57667K [0x0000000080000000, 0x0000000084300000, 0x00000000d5580000)
  object space 68608K, 84% used [0x0000000080000000,0x0000000083850fa0,0x0000000084300000)
 Metaspace       used 31489K, committed 32576K, reserved 1114112K
  class space    used 3171K, committed 3648K, reserved 1048576K
}

